[0m23:57:07.141002 [debug] [MainThread]: Sending event: {'category': 'dbt', 'action': 'invocation', 'label': 'start', 'context': [<snowplow_tracker.self_describing_json.SelfDescribingJson object at 0x000001D2A1AA6330>, <snowplow_tracker.self_describing_json.SelfDescribingJson object at 0x000001D2A167D640>, <snowplow_tracker.self_describing_json.SelfDescribingJson object at 0x000001D2A162A7E0>]}


============================== 23:57:07.158001 | 3c447abb-1b23-449f-815c-945225babc4f ==============================
[0m23:57:07.158001 [info ] [MainThread]: Running with dbt=1.8.3
[0m23:57:07.159999 [debug] [MainThread]: running dbt with arguments {'printer_width': '80', 'indirect_selection': 'eager', 'write_json': 'True', 'log_cache_events': 'False', 'partial_parse': 'True', 'cache_selected_only': 'False', 'warn_error': 'None', 'fail_fast': 'False', 'profiles_dir': 'C:\\Users\\bruno\\.dbt', 'log_path': 'logs', 'version_check': 'True', 'debug': 'False', 'use_colors': 'True', 'use_experimental_parser': 'False', 'empty': 'None', 'quiet': 'False', 'no_print': 'None', 'log_format': 'default', 'introspect': 'True', 'static_parser': 'True', 'invocation_command': 'dbt init', 'target_path': 'None', 'warn_error_options': 'WarnErrorOptions(include=[], exclude=[])', 'send_anonymous_usage_stats': 'True'}
[0m23:57:09.122475 [debug] [MainThread]: Starter project path: C:\Users\bruno\Área de Trabalho\northwind-dbt\env_dbt\Lib\site-packages\dbt\include\starter_project
[0m23:57:09.154737 [info ] [MainThread]: 
Your new dbt project "northwind" was created!

For more information on how to configure the profiles.yml file,
please consult the dbt documentation here:

  https://docs.getdbt.com/docs/configure-your-profile

One more thing:

Need help? Don't hesitate to reach out to us via GitHub issues or on Slack:

  https://community.getdbt.com/

Happy modeling!

[0m23:57:09.154737 [info ] [MainThread]: Setting up your profile.
[0m23:57:49.083742 [info ] [MainThread]: Profile northwind written to C:\Users\bruno\.dbt\profiles.yml using target's profile_template.yml and your supplied values. Run 'dbt debug' to validate the connection.
[0m23:57:49.083742 [debug] [MainThread]: Command `dbt init` succeeded at 23:57:49.083742 after 42.14 seconds
[0m23:57:49.089005 [debug] [MainThread]: Sending event: {'category': 'dbt', 'action': 'invocation', 'label': 'end', 'context': [<snowplow_tracker.self_describing_json.SelfDescribingJson object at 0x000001D29F08FFE0>, <snowplow_tracker.self_describing_json.SelfDescribingJson object at 0x000001D2A1E06CF0>, <snowplow_tracker.self_describing_json.SelfDescribingJson object at 0x000001D2A1FBE780>]}
[0m23:57:49.089005 [debug] [MainThread]: Flushing usage events
[0m00:01:32.423737 [debug] [MainThread]: Sending event: {'category': 'dbt', 'action': 'invocation', 'label': 'start', 'context': [<snowplow_tracker.self_describing_json.SelfDescribingJson object at 0x0000016C083A3BC0>, <snowplow_tracker.self_describing_json.SelfDescribingJson object at 0x0000016C083A0710>, <snowplow_tracker.self_describing_json.SelfDescribingJson object at 0x0000016C083A2750>]}


============================== 00:01:32.426739 | 27cba8e2-b2ae-4a06-8b04-90e5c43a0301 ==============================
[0m00:01:32.426739 [info ] [MainThread]: Running with dbt=1.8.3
[0m00:01:32.427141 [debug] [MainThread]: running dbt with arguments {'printer_width': '80', 'indirect_selection': 'eager', 'write_json': 'True', 'log_cache_events': 'False', 'partial_parse': 'True', 'cache_selected_only': 'False', 'warn_error': 'None', 'version_check': 'True', 'profiles_dir': 'C:\\Users\\bruno\\.dbt', 'log_path': 'logs', 'debug': 'False', 'fail_fast': 'False', 'use_colors': 'True', 'use_experimental_parser': 'False', 'empty': 'None', 'quiet': 'False', 'no_print': 'None', 'log_format': 'default', 'invocation_command': 'dbt debug', 'introspect': 'True', 'static_parser': 'True', 'target_path': 'None', 'warn_error_options': 'WarnErrorOptions(include=[], exclude=[])', 'send_anonymous_usage_stats': 'True'}
[0m00:01:32.439246 [info ] [MainThread]: dbt version: 1.8.3
[0m00:01:32.440201 [info ] [MainThread]: python version: 3.12.3
[0m00:01:32.441196 [info ] [MainThread]: python path: C:\Users\bruno\Área de Trabalho\northwind-dbt\env_dbt\Scripts\python.exe
[0m00:01:32.442196 [info ] [MainThread]: os info: Windows-11-10.0.22631-SP0
[0m00:01:32.493492 [info ] [MainThread]: Using profiles dir at C:\Users\bruno\.dbt
[0m00:01:32.494387 [info ] [MainThread]: Using profiles.yml file at C:\Users\bruno\.dbt\profiles.yml
[0m00:01:32.495382 [info ] [MainThread]: Using dbt_project.yml file at C:\Users\bruno\Área de Trabalho\northwind-dbt\dbt_project.yml
[0m00:01:32.496155 [info ] [MainThread]: adapter type: postgres
[0m00:01:32.497371 [info ] [MainThread]: adapter version: 1.8.2
[0m00:01:32.498380 [info ] [MainThread]: Configuration:
[0m00:01:32.499891 [info ] [MainThread]:   profiles.yml file [[32mOK found and valid[0m]
[0m00:01:32.501402 [info ] [MainThread]:   dbt_project.yml file [[31mERROR not found[0m]
[0m00:01:32.503415 [info ] [MainThread]: Required dependencies:
[0m00:01:32.503415 [debug] [MainThread]: Executing "git --help"
[0m00:01:32.551878 [debug] [MainThread]: STDOUT: "b"usage: git [-v | --version] [-h | --help] [-C <path>] [-c <name>=<value>]\n           [--exec-path[=<path>]] [--html-path] [--man-path] [--info-path]\n           [-p | --paginate | -P | --no-pager] [--no-replace-objects] [--bare]\n           [--git-dir=<path>] [--work-tree=<path>] [--namespace=<name>]\n           [--config-env=<name>=<envvar>] <command> [<args>]\n\nThese are common Git commands used in various situations:\n\nstart a working area (see also: git help tutorial)\n   clone     Clone a repository into a new directory\n   init      Create an empty Git repository or reinitialize an existing one\n\nwork on the current change (see also: git help everyday)\n   add       Add file contents to the index\n   mv        Move or rename a file, a directory, or a symlink\n   restore   Restore working tree files\n   rm        Remove files from the working tree and from the index\n\nexamine the history and state (see also: git help revisions)\n   bisect    Use binary search to find the commit that introduced a bug\n   diff      Show changes between commits, commit and working tree, etc\n   grep      Print lines matching a pattern\n   log       Show commit logs\n   show      Show various types of objects\n   status    Show the working tree status\n\ngrow, mark and tweak your common history\n   branch    List, create, or delete branches\n   commit    Record changes to the repository\n   merge     Join two or more development histories together\n   rebase    Reapply commits on top of another base tip\n   reset     Reset current HEAD to the specified state\n   switch    Switch branches\n   tag       Create, list, delete or verify a tag object signed with GPG\n\ncollaborate (see also: git help workflows)\n   fetch     Download objects and refs from another repository\n   pull      Fetch from and integrate with another repository or a local branch\n   push      Update remote refs along with associated objects\n\n'git help -a' and 'git help -g' list available subcommands and some\nconcept guides. See 'git help <command>' or 'git help <concept>'\nto read about a specific subcommand or concept.\nSee 'git help git' for an overview of the system.\n""
[0m00:01:32.552887 [debug] [MainThread]: STDERR: "b''"
[0m00:01:32.552887 [info ] [MainThread]:  - git [[32mOK found[0m]

[0m00:01:32.553870 [info ] [MainThread]: Connection:
[0m00:01:32.554869 [info ] [MainThread]:   host: northwind.cdmkomes6snk.us-east-2.rds.amazonaws.com
[0m00:01:32.554869 [info ] [MainThread]:   port: 5432
[0m00:01:32.555870 [info ] [MainThread]:   user: bruno
[0m00:01:32.555870 [info ] [MainThread]:   database: northwind
[0m00:01:32.556869 [info ] [MainThread]:   schema: public
[0m00:01:32.556869 [info ] [MainThread]:   connect_timeout: 10
[0m00:01:32.557869 [info ] [MainThread]:   role: None
[0m00:01:32.557869 [info ] [MainThread]:   search_path: None
[0m00:01:32.557869 [info ] [MainThread]:   keepalives_idle: 0
[0m00:01:32.557869 [info ] [MainThread]:   sslmode: None
[0m00:01:32.559373 [info ] [MainThread]:   sslcert: None
[0m00:01:32.559373 [info ] [MainThread]:   sslkey: None
[0m00:01:32.560381 [info ] [MainThread]:   sslrootcert: None
[0m00:01:32.560381 [info ] [MainThread]:   application_name: dbt
[0m00:01:32.561381 [info ] [MainThread]:   retries: 1
[0m00:01:32.561381 [info ] [MainThread]: Registered adapter: postgres=1.8.2
[0m00:01:32.562400 [debug] [MainThread]: Acquiring new postgres connection 'debug'
[0m00:01:32.608336 [debug] [MainThread]: Using postgres connection "debug"
[0m00:01:32.608336 [debug] [MainThread]: On debug: select 1 as id
[0m00:01:32.609337 [debug] [MainThread]: Opening a new connection, currently in state init
[0m00:01:34.180846 [debug] [MainThread]: SQL status: SELECT 1 in 1.572 seconds
[0m00:01:34.184844 [debug] [MainThread]: On debug: Close
[0m00:01:34.185851 [info ] [MainThread]:   Connection test: [[32mOK connection ok[0m]

[0m00:01:34.186844 [info ] [MainThread]: [31m1 check failed:[0m
[0m00:01:34.187846 [info ] [MainThread]: Project loading failed for the following reason:
 project path <C:\Users\bruno\Área de Trabalho\northwind-dbt\dbt_project.yml> not found

[0m00:01:34.190504 [debug] [MainThread]: Command `dbt debug` failed at 00:01:34.189411 after 1.96 seconds
[0m00:01:34.190504 [debug] [MainThread]: Connection 'debug' was properly closed.
[0m00:01:34.190504 [debug] [MainThread]: Sending event: {'category': 'dbt', 'action': 'invocation', 'label': 'end', 'context': [<snowplow_tracker.self_describing_json.SelfDescribingJson object at 0x0000016C08386D20>, <snowplow_tracker.self_describing_json.SelfDescribingJson object at 0x0000016C05EF7650>, <snowplow_tracker.self_describing_json.SelfDescribingJson object at 0x0000016C083F39E0>]}
[0m00:01:34.191516 [debug] [MainThread]: Flushing usage events
[0m01:43:49.587283 [debug] [MainThread]: Sending event: {'category': 'dbt', 'action': 'invocation', 'label': 'start', 'context': [<snowplow_tracker.self_describing_json.SelfDescribingJson object at 0x000002AD44AC1F10>, <snowplow_tracker.self_describing_json.SelfDescribingJson object at 0x000002AD46C58B90>, <snowplow_tracker.self_describing_json.SelfDescribingJson object at 0x000002AD46C5BAD0>]}


============================== 01:43:49.587283 | 12b33376-43bc-42f0-9f65-8f6e9b4a15e7 ==============================
[0m01:43:49.587283 [info ] [MainThread]: Running with dbt=1.8.3
[0m01:43:49.587283 [debug] [MainThread]: running dbt with arguments {'printer_width': '80', 'indirect_selection': 'eager', 'log_cache_events': 'False', 'write_json': 'True', 'partial_parse': 'True', 'cache_selected_only': 'False', 'warn_error': 'None', 'debug': 'False', 'version_check': 'True', 'log_path': 'logs', 'fail_fast': 'False', 'profiles_dir': 'C:\\Users\\bruno\\.dbt', 'use_colors': 'True', 'use_experimental_parser': 'False', 'no_print': 'None', 'quiet': 'False', 'empty': 'False', 'warn_error_options': 'WarnErrorOptions(include=[], exclude=[])', 'invocation_command': 'dbt run', 'log_format': 'default', 'introspect': 'True', 'target_path': 'None', 'static_parser': 'True', 'send_anonymous_usage_stats': 'True'}
[0m01:43:49.587283 [error] [MainThread]: Encountered an error:
Runtime Error
  No dbt_project.yml found at expected path C:\Users\bruno\Área de Trabalho\northwind-dbt\dbt_project.yml
  Verify that each entry within packages.yml (and their transitive dependencies) contains a file named dbt_project.yml
  
[0m01:43:49.600824 [debug] [MainThread]: Command `dbt run` failed at 01:43:49.600824 after 0.21 seconds
[0m01:43:49.601498 [debug] [MainThread]: Sending event: {'category': 'dbt', 'action': 'invocation', 'label': 'end', 'context': [<snowplow_tracker.self_describing_json.SelfDescribingJson object at 0x000002AD44AC1F10>, <snowplow_tracker.self_describing_json.SelfDescribingJson object at 0x000002AD4739EC90>, <snowplow_tracker.self_describing_json.SelfDescribingJson object at 0x000002AD4739CF20>]}
[0m01:43:49.601815 [debug] [MainThread]: Flushing usage events
